INFO	23-08-2022 18:34:05	[category: aq.koptev.i.models.Server]	[main]	[message: Запуск работы сервера!]	[method: launch]	[at line: 36]
INFO	23-08-2022 18:40:54	[category: infoLogger]	[main]	[message: Запуск работы сервера!]	[method: launch]	[at line: 36]
INFO	23-08-2022 21:58:45	[category: infoLogger]	[main]	[message: Запуск работы сервера!]	[method: launch]	[at line: 36]
INFO	23-08-2022 22:00:25	[category: infoLogger]	[main]	[message: Запуск работы сервера!]	[method: launch]	[at line: 36]
INFO	23-08-2022 22:00:55	[category: infoLogger]	[main]	[message: Запуск работы сервера!]	[method: launch]	[at line: 36]
INFO	23-08-2022 22:03:17	[category: infoLogger]	[main]	[message: Запуск работы сервера!]	[method: launch]	[at line: 36]
INFO	23-08-2022 22:04:09	[category: infoLogger]	[main]	[message: Запуск работы сервера!]	[method: launch]	[at line: 36]
INFO	23-08-2022 22:04:46	[category: infoLogger]	[main]	[message: Запуск работы сервера!]	[method: launch]	[at line: 36]
INFO	23-08-2022 22:10:20	[category: infoLogger]	[main]	[message: Запуск работы сервера!]	[method: launch]	[at line: 36]
INFO	23-08-2022 22:28:33	[category: infoLogger]	[main]	[message: Запуск работы сервера!]	[method: launch]	[at line: 36]
INFO	23-08-2022 22:28:41	[category: infoLogger]	[main]	[message: Новое соединенние с сервером!]	[method: launch]	[at line: 41]
INFO	23-08-2022 22:33:29	[category: infoLogger]	[main]	[message: Запуск работы сервера!]	[method: launch]	[at line: 36]
INFO	23-08-2022 22:33:36	[category: infoLogger]	[main]	[message: Новое соединенние с сервером!]	[method: launch]	[at line: 41]
INFO	23-08-2022 22:33:41	[category: infoLogger]	[Thread-0]	[message: Пользователь w подключился к чату]	[method: processIdentification]	[at line: 49]
INFO	23-08-2022 22:33:59	[category: infoLogger]	[Thread-0]	[message: Пользователь w отключился от чата]	[method: removeHandler]	[at line: 159]
INFO	23-08-2022 22:33:59	[category: infoLogger]	[Thread-0]	[message: Пользователь w отключился от чата]	[method: removeHandler]	[at line: 159]
INFO	23-08-2022 22:36:54	[category: infoLogger]	[main]	[message: Запуск работы сервера!]	[method: launch]	[at line: 36]
INFO	23-08-2022 22:37:19	[category: infoLogger]	[main]	[message: Новое соединенние с сервером!]	[method: launch]	[at line: 41]
INFO	23-08-2022 22:37:22	[category: infoLogger]	[Thread-0]	[message: Пользователь w подключился к чату]	[method: processIdentification]	[at line: 49]
INFO	23-08-2022 22:37:32	[category: infoLogger]	[Thread-0]	[message: Пользователь w отключился от чата]	[method: closeConnection]	[at line: 124]
INFO	23-08-2022 22:45:04	[category: infoLogger]	[main]	[message: Запуск работы сервера!]	[method: launch]	[at line: 36]
INFO	23-08-2022 22:45:10	[category: infoLogger]	[main]	[message: Новое соединенние с сервером!]	[method: launch]	[at line: 41]
INFO	23-08-2022 22:45:14	[category: infoLogger]	[Thread-0]	[message: Пользователь w подключился к чату]	[method: processIdentification]	[at line: 49]
INFO	23-08-2022 22:45:20	[category: infoLogger]	[Thread-0]	[message: Пользователь w отключился от чата]	[method: closeConnection]	[at line: 124]
INFO	23-08-2022 23:05:58	[category: infoLogger]	[main]	[message: Запуск работы сервера!]	[method: infoFile]	[at line: 21]
INFO	23-08-2022 23:26:11	[category: infoLogger]	[main]	[message: Запуск работы сервера!]	[method: infoFile]	[at line: 22]
INFO	23-08-2022 23:30:00	[category: aq.koptev.i.models.Server]	[main]	[message: Запуск работы сервера!]	[method: infoFile]	[at line: 27]
INFO	23-08-2022 23:35:24	[category: aq.koptev.i.models.Server]	[main]	[message: Запуск работы сервера!]	[method: infoFile]	[at line: 27]
INFO	23-08-2022 23:35:30	[category: aq.koptev.i.models.Server]	[main]	[message: Новое соединенние с сервером!]	[method: infoFile]	[at line: 27]
INFO	23-08-2022 23:35:32	[category: infoLogger]	[Thread-0]	[message: Пользователь w подключился к чату]	[method: infoFile]	[at line: 22]
INFO	23-08-2022 23:35:32	[category: infoLogger]	[Thread-0]	[message: Пользователь w подключился к чату]	[method: infoFile]	[at line: 22]
INFO	23-08-2022 23:35:34	[category: infoLogger]	[Thread-0]	[message: Пользователь w отключился от чата]	[method: infoFile]	[at line: 22]
INFO	23-08-2022 23:35:34	[category: infoLogger]	[Thread-0]	[message: Пользователь w отключился от чата]	[method: infoFile]	[at line: 22]
INFO	14-11-2025 16:40:21	[category: aq.koptev.i.models.Server]	[main]	[message: Запуск работы сервера!]	[method: infoFile]	[at line: 27]
INFO	14-11-2025 16:40:34	[category: aq.koptev.i.models.Server]	[main]	[message: Новое соединенние с сервером!]	[method: infoFile]	[at line: 27]
